top - 16:09:49 up 27 days,  1:28,  1 user,  load average: 0.00, 0.00, 0.00
Tasks: 217 total,   1 running, 216 sleeping,   0 stopped,   0 zombie
Cpu(s):  0.0%us,  0.0%sy,  0.0%ni,100.0%id,  0.0%wa,  0.0%hi,  0.0%si,  0.0%st
Mem:   8060664k total,  3684896k used,  4375768k free,   160288k buffers
Swap:  2097148k total,        0k used,  2097148k free,  2814444k cached

  PID USER      PR  NI  VIRT  RES  SHR S %CPU %MEM    TIME+  COMMAND                                                           
    1 root      20   0 19232 1488 1224 S  0.0  0.0   0:01.50 init                                                              
    2 root      20   0     0    0    0 S  0.0  0.0   0:00.07 kthreadd                                                          
    3 root      RT   0     0    0    0 S  0.0  0.0   0:00.95 migration/0                                                       
    4 root      20   0     0    0    0 S  0.0  0.0   0:00.40 ksoftirqd/0                                                       
    5 root      RT   0     0    0    0 S  0.0  0.0   0:00.00 stopper/0                                                         
    6 root      RT   0     0    0    0 S  0.0  0.0   0:04.28 watchdog/0                                                        
    7 root      RT   0     0    0    0 S  0.0  0.0   0:00.35 migration/1                                                       
    8 root      RT   0     0    0    0 S  0.0  0.0   0:00.00 stopper/1                                                         
    9 root      20   0     0    0    0 S  0.0  0.0   0:00.52 ksoftirqd/1                                                       
   10 root      RT   0     0    0    0 S  0.0  0.0   0:03.47 watchdog/1                                                        
   11 root      RT   0     0    0    0 S  0.0  0.0   0:00.35 migration/2                                                       
   12 root      RT   0     0    0    0 S  0.0  0.0   0:00.00 stopper/2                                                         
   13 root      20   0     0    0    0 S  0.0  0.0   0:01.41 ksoftirqd/2                                                       
   14 root      RT   0     0    0    0 S  0.0  0.0   0:03.58 watchdog/2                                                        
   15 root      RT   0     0    0    0 S  0.0  0.0   0:00.36 migration/3                                                       
   16 root      RT   0     0    0    0 S  0.0  0.0   0:00.00 stopper/3                                                         
   17 root      20   0     0    0    0 S  0.0  0.0   0:01.27 ksoftirqd/3                                                       
   18 root      RT   0     0    0    0 S  0.0  0.0   0:03.55 watchdog/3                                                        
   19 root      RT   0     0    0    0 S  0.0  0.0   0:00.30 migration/4                                                       
   20 root      RT   0     0    0    0 S  0.0  0.0   0:00.00 stopper/4                                                         
   21 root      20   0     0    0    0 S  0.0  0.0   0:00.62 ksoftirqd/4                                                       
   22 root      RT   0     0    0    0 S  0.0  0.0   0:04.32 watchdog/4                                                        
   23 root      RT   0     0    0    0 S  0.0  0.0   0:00.28 migration/5                                                       
   24 root      RT   0     0    0    0 S  0.0  0.0   0:00.00 stopper/5                                                         
   25 root      20   0     0    0    0 S  0.0  0.0   0:02.57 ksoftirqd/5                                                       
   26 root      RT   0     0    0    0 S  0.0  0.0   0:03.43 watchdog/5                                                        
   27 root      RT   0     0    0    0 S  0.0  0.0   0:00.31 migration/6                                                       
   28 root      RT   0     0    0    0 S  0.0  0.0   0:00.00 stopper/6                                                         
   29 root      20   0     0    0    0 S  0.0  0.0   0:00.53 ksoftirqd/6                                                       
   30 root      RT   0     0    0    0 S  0.0  0.0   0:03.35 watchdog/6                                                        
   31 root      RT   0     0    0    0 S  0.0  0.0   0:00.25 migration/7                                                       
   32 root      RT   0     0    0    0 S  0.0  0.0   0:00.00 stopper/7                                                         
   33 root      20   0     0    0    0 S  0.0  0.0   0:01.10 ksoftirqd/7                                                       
   34 root      RT   0     0    0    0 S  0.0  0.0   0:03.38 watchdog/7                                                        
   35 root      20   0     0    0    0 S  0.0  0.0   1:56.76 events/0                                                          
   36 root      20   0     0    0    0 S  0.0  0.0   1:04.82 events/1                                                          
   37 root      20   0     0    0    0 S  0.0  0.0   1:04.41 events/2                                                          
   38 root      20   0     0    0    0 S  0.0  0.0   1:31.38 events/3                                                          
   39 root      20   0     0    0    0 S  0.0  0.0   0:59.02 events/4                                                          
   40 root      20   0     0    0    0 S  0.0  0.0   1:10.20 events/5                                                          
   41 root      20   0     0    0    0 S  0.0  0.0   1:06.03 events/6                                                          
   42 root      20   0     0    0    0 S  0.0  0.0  18:13.84 events/7                                                          
   43 root      20   0     0    0    0 S  0.0  0.0   0:00.00 events/0                                                          
   44 root      20   0     0    0    0 S  0.0  0.0   0:00.00 events/1                                                          
   45 root      20   0     0    0    0 S  0.0  0.0   0:00.00 events/2                                                          
   46 root      20   0     0    0    0 S  0.0  0.0   0:00.00 events/3                                                          
   47 root      20   0     0    0    0 S  0.0  0.0   0:00.00 events/4                                                          
   48 root      20   0     0    0    0 S  0.0  0.0   0:00.00 events/5                                                          
   49 root      20   0     0    0    0 S  0.0  0.0   0:00.00 events/6                                                          
   50 root      20   0     0    0    0 S  0.0  0.0   0:00.00 events/7                                                          
   51 root      20   0     0    0    0 S  0.0  0.0   0:00.00 events_long/0                                                     
   52 root      20   0     0    0    0 S  0.0  0.0   0:00.00 events_long/1                                                     
   53 root      20   0     0    0    0 S  0.0  0.0   0:00.00 events_long/2                                                     
   54 root      20   0     0    0    0 S  0.0  0.0   0:00.00 events_long/3                                                     
   55 root      20   0     0    0    0 S  0.0  0.0   0:00.00 events_long/4                                                     
   56 root      20   0     0    0    0 S  0.0  0.0   0:00.00 events_long/5                                                     
   57 root      20   0     0    0    0 S  0.0  0.0   0:00.00 events_long/6                                                     
   58 root      20   0     0    0    0 S  0.0  0.0   0:00.00 events_long/7                                                     
   59 root      20   0     0    0    0 S  0.0  0.0   0:00.00 events_power_ef                                                   
   60 root      20   0     0    0    0 S  0.0  0.0   0:00.00 events_power_ef                                                   
   61 root      20   0     0    0    0 S  0.0  0.0   0:00.00 events_power_ef                                                   
   62 root      20   0     0    0    0 S  0.0  0.0   0:00.00 events_power_ef                                                   
   63 root      20   0     0    0    0 S  0.0  0.0   0:00.00 events_power_ef                                                   
   64 root      20   0     0    0    0 S  0.0  0.0   0:00.00 events_power_ef                                                   
   65 root      20   0     0    0    0 S  0.0  0.0   0:00.00 events_power_ef                                                   
   66 root      20   0     0    0    0 S  0.0  0.0   0:00.00 events_power_ef                                                   
   67 root      20   0     0    0    0 S  0.0  0.0   0:00.00 cgroup                                                            
   68 root      20   0     0    0    0 S  0.0  0.0   0:00.16 khelper                                                           
   69 root      20   0     0    0    0 S  0.0  0.0   0:00.51 netns                                                             
   70 root      20   0     0    0    0 S  0.0  0.0   0:00.00 async/mgr                                                         
   71 root      20   0     0    0    0 S  0.0  0.0   0:00.00 pm                                                                
   72 root      20   0     0    0    0 S  0.0  0.0   0:14.66 sync_supers                                                       
   73 root      20   0     0    0    0 S  0.0  0.0   0:15.84 bdi-default                                                       
   74 root      20   0     0    0    0 S  0.0  0.0   0:00.00 kintegrityd/0                                                     
   75 root      20   0     0    0    0 S  0.0  0.0   0:00.00 kintegrityd/1                                                     
   76 root      20   0     0    0    0 S  0.0  0.0   0:00.00 kintegrityd/2                                                     
   77 root      20   0     0    0    0 S  0.0  0.0   0:00.00 kintegrityd/3                                                     
   78 root      20   0     0    0    0 S  0.0  0.0   0:00.00 kintegrityd/4                                                     
   79 root      20   0     0    0    0 S  0.0  0.0   0:00.00 kintegrityd/5                                                     
   80 root      20   0     0    0    0 S  0.0  0.0   0:00.00 kintegrityd/6                                                     
   81 root      20   0     0    0    0 S  0.0  0.0   0:00.00 kintegrityd/7                                                     
   82 root      20   0     0    0    0 S  0.0  0.0   0:00.89 kblockd/0                                                         
   83 root      20   0     0    0    0 S  0.0  0.0   0:00.65 kblockd/1                                                         
   84 root      20   0     0    0    0 S  0.0  0.0   0:00.52 kblockd/2                                                         
   85 root      20   0     0    0    0 S  0.0  0.0   0:00.64 kblockd/3                                                         
   86 root      20   0     0    0    0 S  0.0  0.0   0:00.28 kblockd/4                                                         
   87 root      20   0     0    0    0 S  0.0  0.0   0:02.64 kblockd/5                                                         
   88 root      20   0     0    0    0 S  0.0  0.0   0:00.42 kblockd/6                                                         
   89 root      20   0     0    0    0 S  0.0  0.0   0:00.57 kblockd/7                                                         
   90 root      20   0     0    0    0 S  0.0  0.0   0:00.00 kacpid                                                            
   91 root      20   0     0    0    0 S  0.0  0.0   0:00.00 kacpi_notify                                                      
   92 root      20   0     0    0    0 S  0.0  0.0   0:00.00 kacpi_hotplug                                                     
   93 root      20   0     0    0    0 S  0.0  0.0   0:00.00 ata_aux                                                           
   94 root      20   0     0    0    0 S  0.0  0.0   0:00.00 ata_sff/0                                                         
   95 root      20   0     0    0    0 S  0.0  0.0   0:00.00 ata_sff/1                                                         
   96 root      20   0     0    0    0 S  0.0  0.0   0:00.00 ata_sff/2                                                         
   97 root      20   0     0    0    0 S  0.0  0.0   0:00.00 ata_sff/3                                                         
   98 root      20   0     0    0    0 S  0.0  0.0   0:00.00 ata_sff/4                                                         
   99 root      20   0     0    0    0 S  0.0  0.0   0:00.01 ata_sff/5                                                         
  100 root      20   0     0    0    0 S  0.0  0.0   0:00.00 ata_sff/6                                                         
  101 root      20   0     0    0    0 S  0.0  0.0   0:00.00 ata_sff/7                                                         
  102 root      20   0     0    0    0 S  0.0  0.0   0:00.00 ksuspend_usbd                                                     
  103 root      20   0     0    0    0 S  0.0  0.0   0:00.00 khubd                                                             
  104 root      20   0     0    0    0 S  0.0  0.0   0:00.00 kseriod                                                           
  105 root      20   0     0    0    0 S  0.0  0.0   0:00.00 md/0                                                              
  106 root      20   0     0    0    0 S  0.0  0.0   0:00.00 md/1                                                              
  107 root      20   0     0    0    0 S  0.0  0.0   0:00.00 md/2                                                              
  108 root      20   0     0    0    0 S  0.0  0.0   0:00.00 md/3                                                              
  109 root      20   0     0    0    0 S  0.0  0.0   0:00.00 md/4                                                              
  110 root      20   0     0    0    0 S  0.0  0.0   0:00.00 md/5                                                              
  111 root      20   0     0    0    0 S  0.0  0.0   0:00.00 md/6                                                              
  112 root      20   0     0    0    0 S  0.0  0.0   0:00.00 md/7                                                              
  113 root      20   0     0    0    0 S  0.0  0.0   0:00.00 md_misc/0                                                         
  114 root      20   0     0    0    0 S  0.0  0.0   0:00.00 md_misc/1                                                         
  115 root      20   0     0    0    0 S  0.0  0.0   0:00.00 md_misc/2                                                         
  116 root      20   0     0    0    0 S  0.0  0.0   0:00.00 md_misc/3                                                         
  117 root      20   0     0    0    0 S  0.0  0.0   0:00.00 md_misc/4                                                         
  118 root      20   0     0    0    0 S  0.0  0.0   0:00.00 md_misc/5                                                         
  119 root      20   0     0    0    0 S  0.0  0.0   0:00.00 md_misc/6                                                         
  120 root      20   0     0    0    0 S  0.0  0.0   0:00.00 md_misc/7                                                         
  121 root      20   0     0    0    0 S  0.0  0.0   0:00.22 linkwatch                                                         
  123 root      20   0     0    0    0 S  0.0  0.0   0:01.48 khungtaskd                                                        
  124 root      20   0     0    0    0 S  0.0  0.0   0:00.00 kswapd0                                                           
  125 root      25   5     0    0    0 S  0.0  0.0   0:00.00 ksmd                                                              
  126 root      39  19     0    0    0 S  0.0  0.0   0:08.75 khugepaged                                                        
  127 root      20   0     0    0    0 S  0.0  0.0   0:00.00 aio/0                                                             
  128 root      20   0     0    0    0 S  0.0  0.0   0:00.00 aio/1                                                             
  129 root      20   0     0    0    0 S  0.0  0.0   0:00.00 aio/2                                                             
  130 root      20   0     0    0    0 S  0.0  0.0   0:00.00 aio/3                                                             
  131 root      20   0     0    0    0 S  0.0  0.0   0:00.00 aio/4                                                             
  132 root      20   0     0    0    0 S  0.0  0.0   0:00.00 aio/5                                                             
  133 root      20   0     0    0    0 S  0.0  0.0   0:00.00 aio/6                                                             
  134 root      20   0     0    0    0 S  0.0  0.0   0:00.00 aio/7                                                             
  135 root      20   0     0    0    0 S  0.0  0.0   0:00.00 crypto/0                                                          
  136 root      20   0     0    0    0 S  0.0  0.0   0:00.00 crypto/1                                                          
  137 root      20   0     0    0    0 S  0.0  0.0   0:00.00 crypto/2                                                          
  138 root      20   0     0    0    0 S  0.0  0.0   0:00.00 crypto/3                                                          
  139 root      20   0     0    0    0 S  0.0  0.0   0:00.00 crypto/4                                                          
  140 root      20   0     0    0    0 S  0.0  0.0   0:00.00 crypto/5                                                          
  141 root      20   0     0    0    0 S  0.0  0.0   0:00.00 crypto/6                                                          
  142 root      20   0     0    0    0 S  0.0  0.0   0:00.00 crypto/7                                                          
  149 root      20   0     0    0    0 S  0.0  0.0   0:00.00 kthrotld/0                                                        
  150 root      20   0     0    0    0 S  0.0  0.0   0:00.00 kthrotld/1                                                        
  151 root      20   0     0    0    0 S  0.0  0.0   0:00.00 kthrotld/2                                                        
  152 root      20   0     0    0    0 S  0.0  0.0   0:00.00 kthrotld/3                                                        
  153 root      20   0     0    0    0 S  0.0  0.0   0:00.00 kthrotld/4                                                        
  154 root      20   0     0    0    0 S  0.0  0.0   0:00.00 kthrotld/5                                                        
  155 root      20   0     0    0    0 S  0.0  0.0   0:00.00 kthrotld/6                                                        
  156 root      20   0     0    0    0 S  0.0  0.0   0:00.00 kthrotld/7                                                        
  157 root      20   0     0    0    0 S  0.0  0.0   0:00.00 pciehpd                                                           
  159 root      20   0     0    0    0 S  0.0  0.0   0:00.00 kpsmoused                                                         
  160 root      20   0     0    0    0 S  0.0  0.0   0:00.00 usbhid_resumer                                                    
  161 root      20   0     0    0    0 S  0.0  0.0   0:00.00 deferwq                                                           
  193 root      20   0     0    0    0 S  0.0  0.0   0:00.00 kdmremove                                                         
  194 root      20   0     0    0    0 S  0.0  0.0   0:00.00 kstriped                                                          
  331 root      20   0     0    0    0 S  0.0  0.0   0:00.03 scsi_eh_0                                                         
  335 root      20   0     0    0    0 S  0.0  0.0   0:00.02 scsi_eh_1                                                         
  358 root      20   0     0    0    0 S  0.0  0.0   1:21.13 mpt_poll_0                                                        
  359 root      20   0     0    0    0 S  0.0  0.0   0:00.00 mpt/0                                                             
  360 root      20   0     0    0    0 S  0.0  0.0   0:00.00 scsi_eh_2                                                         
  527 root      20   0     0    0    0 S  0.0  0.0   0:20.36 jbd2/sda3-8                                                       
  528 root      20   0     0    0    0 S  0.0  0.0   0:00.00 ext4-dio-unwrit                                                   
  552 root      20   0     0    0    0 S  0.0  0.0   0:18.53 flush-8:0                                                         
  610 root      16  -4 11160 1268  340 S  0.0  0.0   0:00.56 udevd                                                             
  836 root      20   0     0    0    0 S  0.0  0.0   1:02.96 vmmemctl                                                          
 1101 root      20   0     0    0    0 S  0.0  0.0   0:01.93 kauditd                                                           
 1293 root      16  -4 93132  872  604 S  0.0  0.0   0:09.70 auditd                                                            
 1315 root      20   0  249m 4616 1120 S  0.0  0.1   0:04.11 rsyslogd                                                          
 1383 root      20   0 66224 1272  560 S  0.0  0.0   0:00.05 sshd                                                              
 1397 ntp       20   0 26380 1612 1136 S  0.0  0.0   0:05.73 ntpd                                                              
 1417 root      20   0  105m 1608 1316 S  0.0  0.0   0:00.02 mysqld_safe                                                       
 1704 mysql     20   0 1050m 443m 6676 S  0.0  5.6  33:13.18 mysqld                                                            
 1818 root      20   0 80868 3444 2544 S  0.0  0.0   0:17.40 master                                                            
 1835 postfix   20   0 81116 3496 2616 S  0.0  0.0   0:02.70 qmgr                                                              
 1843 root      20   0 69956 1976 1220 S  0.0  0.0   1:47.71 httpd                                                             
 1845 apache    20   0 70092 2032 1232 S  0.0  0.0   0:00.00 httpd                                                             
 1846 apache    20   0 70092 2036 1232 S  0.0  0.0   0:00.00 httpd                                                             
 1847 apache    20   0 69956 1476  708 S  0.0  0.0   0:00.00 httpd                                                             
 1848 apache    20   0 69956 1476  708 S  0.0  0.0   0:00.00 httpd                                                             
 1850 apache    20   0 69956 1476  708 S  0.0  0.0   0:00.00 httpd                                                             
 1860 root      20   0  114m 1248  648 S  0.0  0.0   0:18.18 crond                                                             
 1892 root      20   0 1504m  35m 9060 S  0.0  0.4  21:53.72 docker                                                            
 1903 root       0 -20     0    0    0 S  0.0  0.0   0:16.40 loop0                                                             
 1904 root       0 -20     0    0    0 S  0.0  0.0   0:02.62 loop1                                                             
 1906 root      20   0     0    0    0 S  0.0  0.0   0:00.00 kdmflush                                                          
 1910 root      20   0     0    0    0 S  0.0  0.0   0:02.36 dm_bufio_cache                                                    
 1922 root      20   0  4064  592  516 S  0.0  0.0   0:00.00 mingetty                                                          
 1924 root      20   0  4064  596  516 S  0.0  0.0   0:00.00 mingetty                                                          
 1926 root      20   0  4064  600  516 S  0.0  0.0   0:00.00 mingetty                                                          
 1928 root      20   0  4064  600  516 S  0.0  0.0   0:00.00 mingetty                                                          
 1930 root      20   0  4064  596  516 S  0.0  0.0   0:00.00 mingetty                                                          
 1932 root      20   0  4064  600  516 S  0.0  0.0   0:00.00 mingetty                                                          
 1933 root      20   0     0    0    0 S  0.0  0.0   0:00.89 kcopyd                                                            
 1934 root      20   0     0    0    0 S  0.0  0.0   2:23.50 dm-thin                                                           
 2193 root      20   0     0    0    0 S  0.0  0.0   0:00.03 kdmflush                                                          
 2200 root      20   0     0    0    0 S  0.0  0.0   0:00.15 jbd2/dm-2-8                                                       
 2201 root      20   0     0    0    0 S  0.0  0.0   0:00.00 ext4-dio-unwrit                                                   
 2222 root      20   0  129m 7936 5368 S  0.0  0.1   0:31.33 docker                                                            
 2291 root      20   0 66216 3096 2392 S  0.0  0.0   0:00.07 sshd                                                              
21370 root      20   0     0    0    0 S  0.0  0.0   0:00.00 kdmflush                                                          
21376 root      20   0     0    0    0 S  0.0  0.0   0:00.00 jbd2/dm-1-8                                                       
21377 root      20   0     0    0    0 S  0.0  0.0   0:00.00 ext4-dio-unwrit                                                   
21386 root      20   0  129m 7736 5204 S  0.0  0.1   0:28.16 docker                                                            
21459 root      20   0 66224 3132 2428 S  0.0  0.0   0:00.03 sshd                                                              
23631 root      18  -2 10644  784  364 S  0.0  0.0   0:00.00 udevd                                                             
23936 root      18  -2 11156 1272  348 S  0.0  0.0   0:00.00 udevd                                                             
27707 root      20   0  100m 4432 3424 S  0.0  0.1   0:00.06 sshd                                                              
27711 seiya_ts  20   0  100m 1836  816 S  0.0  0.0   0:01.43 sshd                                                              
27712 seiya_ts  20   0  106m 2300 1564 S  0.0  0.0   0:00.26 bash                                                              
27971 postfix   20   0 80948 3452 2580 S  0.0  0.0   0:00.01 pickup                                                            
28214 seiya_ts  20   0  115m 1316 1016 S  0.0  0.0   0:00.00 tmux                                                              
28216 seiya_ts  20   0  119m 2704 1208 S  0.0  0.0   0:02.38 tmux                                                              
28217 seiya_ts  20   0  106m 2236 1536 S  0.0  0.0   0:00.01 bash                                                              
28253 seiya_ts  20   0  106m 2312 1560 S  0.0  0.0   0:00.18 bash                                                              
28296 seiya_ts  20   0  122m 5208 2544 S  0.0  0.1   0:08.69 vim                                                               
28562 seiya_ts  20   0  103m 1392 1204 S  0.0  0.0   0:00.01 bash                                                              
28681 seiya_ts  20   0 15156 1276  876 R  0.0  0.0   0:00.00 top                                                               

