top - 19:41:45 up 28 days,  5:00,  2 users,  load average: 0.00, 0.00, 0.00
Tasks: 219 total,   1 running, 218 sleeping,   0 stopped,   0 zombie
Cpu(s):  0.0%us,  0.0%sy,  0.0%ni,100.0%id,  0.0%wa,  0.0%hi,  0.0%si,  0.0%st
Mem:   8060664k total,  3721244k used,  4339420k free,   160848k buffers
Swap:  2097148k total,        0k used,  2097148k free,  2850812k cached

  PID USER      PR  NI  VIRT  RES  SHR S %CPU %MEM    TIME+  COMMAND                                                           
    1 root      20   0 19232 1488 1224 S  0.0  0.0   0:01.50 init                                                              
    2 root      20   0     0    0    0 S  0.0  0.0   0:00.07 kthreadd                                                          
    3 root      RT   0     0    0    0 S  0.0  0.0   0:00.98 migration/0                                                       
    4 root      20   0     0    0    0 S  0.0  0.0   0:00.43 ksoftirqd/0                                                       
    5 root      RT   0     0    0    0 S  0.0  0.0   0:00.00 stopper/0                                                         
    6 root      RT   0     0    0    0 S  0.0  0.0   0:04.46 watchdog/0                                                        
    7 root      RT   0     0    0    0 S  0.0  0.0   0:00.38 migration/1                                                       
    8 root      RT   0     0    0    0 S  0.0  0.0   0:00.00 stopper/1                                                         
    9 root      20   0     0    0    0 S  0.0  0.0   0:00.56 ksoftirqd/1                                                       
   10 root      RT   0     0    0    0 S  0.0  0.0   0:03.61 watchdog/1                                                        
   11 root      RT   0     0    0    0 S  0.0  0.0   0:00.38 migration/2                                                       
   12 root      RT   0     0    0    0 S  0.0  0.0   0:00.00 stopper/2                                                         
   13 root      20   0     0    0    0 S  0.0  0.0   0:01.45 ksoftirqd/2                                                       
   14 root      RT   0     0    0    0 S  0.0  0.0   0:03.73 watchdog/2                                                        
   15 root      RT   0     0    0    0 S  0.0  0.0   0:00.39 migration/3                                                       
   16 root      RT   0     0    0    0 S  0.0  0.0   0:00.00 stopper/3                                                         
   17 root      20   0     0    0    0 S  0.0  0.0   0:01.34 ksoftirqd/3                                                       
   18 root      RT   0     0    0    0 S  0.0  0.0   0:03.70 watchdog/3                                                        
   19 root      RT   0     0    0    0 S  0.0  0.0   0:00.32 migration/4                                                       
   20 root      RT   0     0    0    0 S  0.0  0.0   0:00.00 stopper/4                                                         
   21 root      20   0     0    0    0 S  0.0  0.0   0:00.66 ksoftirqd/4                                                       
   22 root      RT   0     0    0    0 S  0.0  0.0   0:04.49 watchdog/4                                                        
   23 root      RT   0     0    0    0 S  0.0  0.0   0:00.30 migration/5                                                       
   24 root      RT   0     0    0    0 S  0.0  0.0   0:00.00 stopper/5                                                         
   25 root      20   0     0    0    0 S  0.0  0.0   0:02.68 ksoftirqd/5                                                       
   26 root      RT   0     0    0    0 S  0.0  0.0   0:03.58 watchdog/5                                                        
   27 root      RT   0     0    0    0 S  0.0  0.0   0:00.34 migration/6                                                       
   28 root      RT   0     0    0    0 S  0.0  0.0   0:00.00 stopper/6                                                         
   29 root      20   0     0    0    0 S  0.0  0.0   0:00.56 ksoftirqd/6                                                       
   30 root      RT   0     0    0    0 S  0.0  0.0   0:03.48 watchdog/6                                                        
   31 root      RT   0     0    0    0 S  0.0  0.0   0:00.28 migration/7                                                       
   32 root      RT   0     0    0    0 S  0.0  0.0   0:00.00 stopper/7                                                         
   33 root      20   0     0    0    0 S  0.0  0.0   0:01.18 ksoftirqd/7                                                       
   34 root      RT   0     0    0    0 S  0.0  0.0   0:03.51 watchdog/7                                                        
   35 root      20   0     0    0    0 S  0.0  0.0   2:01.96 events/0                                                          
   36 root      20   0     0    0    0 S  0.0  0.0   1:07.50 events/1                                                          
   37 root      20   0     0    0    0 S  0.0  0.0   1:07.15 events/2                                                          
   38 root      20   0     0    0    0 S  0.0  0.0   1:35.47 events/3                                                          
   39 root      20   0     0    0    0 S  0.0  0.0   1:01.49 events/4                                                          
   40 root      20   0     0    0    0 S  0.0  0.0   1:13.11 events/5                                                          
   41 root      20   0     0    0    0 S  0.0  0.0   1:08.86 events/6                                                          
   42 root      20   0     0    0    0 S  0.0  0.0  19:00.08 events/7                                                          
   43 root      20   0     0    0    0 S  0.0  0.0   0:00.00 events/0                                                          
   44 root      20   0     0    0    0 S  0.0  0.0   0:00.00 events/1                                                          
   45 root      20   0     0    0    0 S  0.0  0.0   0:00.00 events/2                                                          
   46 root      20   0     0    0    0 S  0.0  0.0   0:00.00 events/3                                                          
   47 root      20   0     0    0    0 S  0.0  0.0   0:00.00 events/4                                                          
   48 root      20   0     0    0    0 S  0.0  0.0   0:00.00 events/5                                                          
   49 root      20   0     0    0    0 S  0.0  0.0   0:00.00 events/6                                                          
   50 root      20   0     0    0    0 S  0.0  0.0   0:00.00 events/7                                                          
   51 root      20   0     0    0    0 S  0.0  0.0   0:00.00 events_long/0                                                     
   52 root      20   0     0    0    0 S  0.0  0.0   0:00.00 events_long/1                                                     
   53 root      20   0     0    0    0 S  0.0  0.0   0:00.00 events_long/2                                                     
   54 root      20   0     0    0    0 S  0.0  0.0   0:00.00 events_long/3                                                     
   55 root      20   0     0    0    0 S  0.0  0.0   0:00.00 events_long/4                                                     
   56 root      20   0     0    0    0 S  0.0  0.0   0:00.00 events_long/5                                                     
   57 root      20   0     0    0    0 S  0.0  0.0   0:00.00 events_long/6                                                     
   58 root      20   0     0    0    0 S  0.0  0.0   0:00.00 events_long/7                                                     
   59 root      20   0     0    0    0 S  0.0  0.0   0:00.00 events_power_ef                                                   
   60 root      20   0     0    0    0 S  0.0  0.0   0:00.00 events_power_ef                                                   
   61 root      20   0     0    0    0 S  0.0  0.0   0:00.00 events_power_ef                                                   
   62 root      20   0     0    0    0 S  0.0  0.0   0:00.00 events_power_ef                                                   
   63 root      20   0     0    0    0 S  0.0  0.0   0:00.00 events_power_ef                                                   
   64 root      20   0     0    0    0 S  0.0  0.0   0:00.00 events_power_ef                                                   
   65 root      20   0     0    0    0 S  0.0  0.0   0:00.00 events_power_ef                                                   
   66 root      20   0     0    0    0 S  0.0  0.0   0:00.00 events_power_ef                                                   
   67 root      20   0     0    0    0 S  0.0  0.0   0:00.00 cgroup                                                            
   68 root      20   0     0    0    0 S  0.0  0.0   0:00.16 khelper                                                           
   69 root      20   0     0    0    0 S  0.0  0.0   0:00.52 netns                                                             
   70 root      20   0     0    0    0 S  0.0  0.0   0:00.00 async/mgr                                                         
   71 root      20   0     0    0    0 S  0.0  0.0   0:00.00 pm                                                                
   72 root      20   0     0    0    0 S  0.0  0.0   0:15.27 sync_supers                                                       
   73 root      20   0     0    0    0 S  0.0  0.0   0:16.53 bdi-default                                                       
   74 root      20   0     0    0    0 S  0.0  0.0   0:00.00 kintegrityd/0                                                     
   75 root      20   0     0    0    0 S  0.0  0.0   0:00.00 kintegrityd/1                                                     
   76 root      20   0     0    0    0 S  0.0  0.0   0:00.00 kintegrityd/2                                                     
   77 root      20   0     0    0    0 S  0.0  0.0   0:00.00 kintegrityd/3                                                     
   78 root      20   0     0    0    0 S  0.0  0.0   0:00.00 kintegrityd/4                                                     
   79 root      20   0     0    0    0 S  0.0  0.0   0:00.00 kintegrityd/5                                                     
   80 root      20   0     0    0    0 S  0.0  0.0   0:00.00 kintegrityd/6                                                     
   81 root      20   0     0    0    0 S  0.0  0.0   0:00.00 kintegrityd/7                                                     
   82 root      20   0     0    0    0 S  0.0  0.0   0:00.92 kblockd/0                                                         
   83 root      20   0     0    0    0 S  0.0  0.0   0:00.67 kblockd/1                                                         
   84 root      20   0     0    0    0 S  0.0  0.0   0:00.55 kblockd/2                                                         
   85 root      20   0     0    0    0 S  0.0  0.0   0:00.66 kblockd/3                                                         
   86 root      20   0     0    0    0 S  0.0  0.0   0:00.31 kblockd/4                                                         
   87 root      20   0     0    0    0 S  0.0  0.0   0:02.81 kblockd/5                                                         
   88 root      20   0     0    0    0 S  0.0  0.0   0:00.42 kblockd/6                                                         
   89 root      20   0     0    0    0 S  0.0  0.0   0:00.58 kblockd/7                                                         
   90 root      20   0     0    0    0 S  0.0  0.0   0:00.00 kacpid                                                            
   91 root      20   0     0    0    0 S  0.0  0.0   0:00.00 kacpi_notify                                                      
   92 root      20   0     0    0    0 S  0.0  0.0   0:00.00 kacpi_hotplug                                                     
   93 root      20   0     0    0    0 S  0.0  0.0   0:00.00 ata_aux                                                           
   94 root      20   0     0    0    0 S  0.0  0.0   0:00.00 ata_sff/0                                                         
   95 root      20   0     0    0    0 S  0.0  0.0   0:00.00 ata_sff/1                                                         
   96 root      20   0     0    0    0 S  0.0  0.0   0:00.00 ata_sff/2                                                         
   97 root      20   0     0    0    0 S  0.0  0.0   0:00.00 ata_sff/3                                                         
   98 root      20   0     0    0    0 S  0.0  0.0   0:00.00 ata_sff/4                                                         
   99 root      20   0     0    0    0 S  0.0  0.0   0:00.01 ata_sff/5                                                         
  100 root      20   0     0    0    0 S  0.0  0.0   0:00.00 ata_sff/6                                                         
  101 root      20   0     0    0    0 S  0.0  0.0   0:00.00 ata_sff/7                                                         
  102 root      20   0     0    0    0 S  0.0  0.0   0:00.00 ksuspend_usbd                                                     
  103 root      20   0     0    0    0 S  0.0  0.0   0:00.00 khubd                                                             
  104 root      20   0     0    0    0 S  0.0  0.0   0:00.00 kseriod                                                           
  105 root      20   0     0    0    0 S  0.0  0.0   0:00.00 md/0                                                              
  106 root      20   0     0    0    0 S  0.0  0.0   0:00.00 md/1                                                              
  107 root      20   0     0    0    0 S  0.0  0.0   0:00.00 md/2                                                              
  108 root      20   0     0    0    0 S  0.0  0.0   0:00.00 md/3                                                              
  109 root      20   0     0    0    0 S  0.0  0.0   0:00.00 md/4                                                              
  110 root      20   0     0    0    0 S  0.0  0.0   0:00.00 md/5                                                              
  111 root      20   0     0    0    0 S  0.0  0.0   0:00.00 md/6                                                              
  112 root      20   0     0    0    0 S  0.0  0.0   0:00.00 md/7                                                              
  113 root      20   0     0    0    0 S  0.0  0.0   0:00.00 md_misc/0                                                         
  114 root      20   0     0    0    0 S  0.0  0.0   0:00.00 md_misc/1                                                         
  115 root      20   0     0    0    0 S  0.0  0.0   0:00.00 md_misc/2                                                         
  116 root      20   0     0    0    0 S  0.0  0.0   0:00.00 md_misc/3                                                         
  117 root      20   0     0    0    0 S  0.0  0.0   0:00.00 md_misc/4                                                         
  118 root      20   0     0    0    0 S  0.0  0.0   0:00.00 md_misc/5                                                         
  119 root      20   0     0    0    0 S  0.0  0.0   0:00.00 md_misc/6                                                         
  120 root      20   0     0    0    0 S  0.0  0.0   0:00.00 md_misc/7                                                         
  121 root      20   0     0    0    0 S  0.0  0.0   0:00.23 linkwatch                                                         
  123 root      20   0     0    0    0 S  0.0  0.0   0:01.54 khungtaskd                                                        
  124 root      20   0     0    0    0 S  0.0  0.0   0:00.00 kswapd0                                                           
  125 root      25   5     0    0    0 S  0.0  0.0   0:00.00 ksmd                                                              
  126 root      39  19     0    0    0 S  0.0  0.0   0:09.15 khugepaged                                                        
  127 root      20   0     0    0    0 S  0.0  0.0   0:00.00 aio/0                                                             
  128 root      20   0     0    0    0 S  0.0  0.0   0:00.00 aio/1                                                             
  129 root      20   0     0    0    0 S  0.0  0.0   0:00.00 aio/2                                                             
  130 root      20   0     0    0    0 S  0.0  0.0   0:00.00 aio/3                                                             
  131 root      20   0     0    0    0 S  0.0  0.0   0:00.00 aio/4                                                             
  132 root      20   0     0    0    0 S  0.0  0.0   0:00.00 aio/5                                                             
  133 root      20   0     0    0    0 S  0.0  0.0   0:00.00 aio/6                                                             
  134 root      20   0     0    0    0 S  0.0  0.0   0:00.00 aio/7                                                             
  135 root      20   0     0    0    0 S  0.0  0.0   0:00.00 crypto/0                                                          
  136 root      20   0     0    0    0 S  0.0  0.0   0:00.00 crypto/1                                                          
  137 root      20   0     0    0    0 S  0.0  0.0   0:00.00 crypto/2                                                          
  138 root      20   0     0    0    0 S  0.0  0.0   0:00.00 crypto/3                                                          
  139 root      20   0     0    0    0 S  0.0  0.0   0:00.00 crypto/4                                                          
  140 root      20   0     0    0    0 S  0.0  0.0   0:00.00 crypto/5                                                          
  141 root      20   0     0    0    0 S  0.0  0.0   0:00.00 crypto/6                                                          
  142 root      20   0     0    0    0 S  0.0  0.0   0:00.00 crypto/7                                                          
  149 root      20   0     0    0    0 S  0.0  0.0   0:00.00 kthrotld/0                                                        
  150 root      20   0     0    0    0 S  0.0  0.0   0:00.00 kthrotld/1                                                        
  151 root      20   0     0    0    0 S  0.0  0.0   0:00.00 kthrotld/2                                                        
  152 root      20   0     0    0    0 S  0.0  0.0   0:00.00 kthrotld/3                                                        
  153 root      20   0     0    0    0 S  0.0  0.0   0:00.00 kthrotld/4                                                        
  154 root      20   0     0    0    0 S  0.0  0.0   0:00.00 kthrotld/5                                                        
  155 root      20   0     0    0    0 S  0.0  0.0   0:00.00 kthrotld/6                                                        
  156 root      20   0     0    0    0 S  0.0  0.0   0:00.00 kthrotld/7                                                        
  157 root      20   0     0    0    0 S  0.0  0.0   0:00.00 pciehpd                                                           
  159 root      20   0     0    0    0 S  0.0  0.0   0:00.00 kpsmoused                                                         
  160 root      20   0     0    0    0 S  0.0  0.0   0:00.00 usbhid_resumer                                                    
  161 root      20   0     0    0    0 S  0.0  0.0   0:00.00 deferwq                                                           
  193 root      20   0     0    0    0 S  0.0  0.0   0:00.00 kdmremove                                                         
  194 root      20   0     0    0    0 S  0.0  0.0   0:00.00 kstriped                                                          
  331 root      20   0     0    0    0 S  0.0  0.0   0:00.03 scsi_eh_0                                                         
  335 root      20   0     0    0    0 S  0.0  0.0   0:00.02 scsi_eh_1                                                         
  358 root      20   0     0    0    0 S  0.0  0.0   1:24.58 mpt_poll_0                                                        
  359 root      20   0     0    0    0 S  0.0  0.0   0:00.00 mpt/0                                                             
  360 root      20   0     0    0    0 S  0.0  0.0   0:00.00 scsi_eh_2                                                         
  527 root      20   0     0    0    0 S  0.0  0.0   0:21.51 jbd2/sda3-8                                                       
  528 root      20   0     0    0    0 S  0.0  0.0   0:00.00 ext4-dio-unwrit                                                   
  552 root      20   0     0    0    0 S  0.0  0.0   0:19.40 flush-8:0                                                         
  610 root      16  -4 11160 1268  340 S  0.0  0.0   0:00.56 udevd                                                             
  732 root      18  -2 10644  784  364 S  0.0  0.0   0:00.00 udevd                                                             
  836 root      20   0     0    0    0 S  0.0  0.0   1:05.49 vmmemctl                                                          
  992 root      18  -2 11156 1272  348 S  0.0  0.0   0:00.00 udevd                                                             
 1101 root      20   0     0    0    0 S  0.0  0.0   0:02.03 kauditd                                                           
 1293 root      16  -4 93132  880  604 S  0.0  0.0   0:10.14 auditd                                                            
 1315 root      20   0  249m 4640 1120 S  0.0  0.1   0:04.31 rsyslogd                                                          
 1383 root      20   0 66224 1272  560 S  0.0  0.0   0:00.07 sshd                                                              
 1397 ntp       20   0 26380 1612 1136 S  0.0  0.0   0:05.99 ntpd                                                              
 1398 postfix   20   0 80948 3452 2580 S  0.0  0.0   0:00.01 pickup                                                            
 1417 root      20   0  105m 1608 1316 S  0.0  0.0   0:00.02 mysqld_safe                                                       
 1442 root      20   0  100m 4432 3424 S  0.0  0.1   0:00.06 sshd                                                              
 1446 seiya_ts  20   0  100m 1824  816 S  0.0  0.0   0:00.27 sshd                                                              
 1447 seiya_ts  20   0  106m 2176 1540 S  0.0  0.0   0:00.03 bash                                                              
 1491 root      20   0  100m 4436 3424 S  0.0  0.1   0:00.05 sshd                                                              
 1495 seiya_ts  20   0  100m 1836  812 S  0.0  0.0   0:00.07 sshd                                                              
 1496 seiya_ts  20   0  106m 2176 1540 S  0.0  0.0   0:00.08 bash                                                              
 1704 mysql     20   0 1050m 443m 6676 S  0.0  5.6  34:31.55 mysqld                                                            
 1818 root      20   0 80868 3444 2544 S  0.0  0.0   0:18.14 master                                                            
 1835 postfix   20   0 81116 3496 2616 S  0.0  0.0   0:02.82 qmgr                                                              
 1843 root      20   0 69956 1976 1220 S  0.0  0.0   1:52.27 httpd                                                             
 1845 apache    20   0 70092 2032 1232 S  0.0  0.0   0:00.00 httpd                                                             
 1846 apache    20   0 70092 2036 1232 S  0.0  0.0   0:00.00 httpd                                                             
 1847 apache    20   0 69956 1476  708 S  0.0  0.0   0:00.00 httpd                                                             
 1848 apache    20   0 69956 1476  708 S  0.0  0.0   0:00.00 httpd                                                             
 1850 apache    20   0 69956 1476  708 S  0.0  0.0   0:00.00 httpd                                                             
 1860 root      20   0  114m 1248  648 S  0.0  0.0   0:19.02 crond                                                             
 1892 root      20   0 1504m  35m 9064 S  0.0  0.4  22:51.74 docker                                                            
 1903 root       0 -20     0    0    0 S  0.0  0.0   0:18.73 loop0                                                             
 1904 root       0 -20     0    0    0 S  0.0  0.0   0:02.84 loop1                                                             
 1906 root      20   0     0    0    0 S  0.0  0.0   0:00.00 kdmflush                                                          
 1910 root      20   0     0    0    0 S  0.0  0.0   0:02.46 dm_bufio_cache                                                    
 1922 root      20   0  4064  592  516 S  0.0  0.0   0:00.00 mingetty                                                          
 1924 root      20   0  4064  596  516 S  0.0  0.0   0:00.00 mingetty                                                          
 1926 root      20   0  4064  600  516 S  0.0  0.0   0:00.00 mingetty                                                          
 1928 root      20   0  4064  600  516 S  0.0  0.0   0:00.00 mingetty                                                          
 1930 root      20   0  4064  596  516 S  0.0  0.0   0:00.00 mingetty                                                          
 1932 root      20   0  4064  600  516 S  0.0  0.0   0:00.00 mingetty                                                          
 1933 root      20   0     0    0    0 S  0.0  0.0   0:01.06 kcopyd                                                            
 1934 root      20   0     0    0    0 S  0.0  0.0   2:29.50 dm-thin                                                           
 2080 seiya_ts  20   0  122m 5164 2500 S  0.0  0.1   0:00.96 vim                                                               
 2155 seiya_ts  20   0  103m 1392 1208 S  0.0  0.0   0:00.00 bash                                                              
 2156 seiya_ts  20   0  103m 1392 1204 S  0.0  0.0   0:00.00 bash                                                              
 2169 seiya_ts  20   0  6260  688  576 S  0.0  0.0   0:00.00 vmstat                                                            
 2170 seiya_ts  20   0  103m 1120  956 S  0.0  0.0   0:00.00 gawk                                                              
 2172 seiya_ts  20   0 15020 1268  876 R  0.0  0.0   0:00.00 top                                                               
 2193 root      20   0     0    0    0 S  0.0  0.0   0:00.03 kdmflush                                                          
 2200 root      20   0     0    0    0 S  0.0  0.0   0:00.15 jbd2/dm-2-8                                                       
 2201 root      20   0     0    0    0 S  0.0  0.0   0:00.00 ext4-dio-unwrit                                                   
 2222 root      20   0  129m 7936 5368 S  0.0  0.1   0:32.77 docker                                                            
 2291 root      20   0 66216 3096 2392 S  0.0  0.0   0:00.07 sshd                                                              
21370 root      20   0     0    0    0 S  0.0  0.0   0:00.00 kdmflush                                                          
21376 root      20   0     0    0    0 S  0.0  0.0   0:00.00 jbd2/dm-1-8                                                       
21377 root      20   0     0    0    0 S  0.0  0.0   0:00.00 ext4-dio-unwrit                                                   
21386 root      20   0  129m 7736 5204 S  0.0  0.1   0:29.53 docker                                                            
21459 root      20   0 66224 3132 2428 S  0.0  0.0   0:00.03 sshd                                                              

